  stdafx.cpp
  TitleScene.cpp
  SceneManager.cpp
  ResultScene.cpp
  GameScene.cpp
  Player.cpp
  Number.cpp
  DisplayCoin.cpp
  Timer.cpp
  System.cpp
  SphereCollider.cpp
  RigidBody.cpp
  Physics.cpp
  MeshCollider.cpp
  CharacterController.cpp
  CapsuleCollider.cpp
  CameraCollisionSolver.cpp
  Pad.cpp
  Texture.cpp
  Sprite.cpp
c:\users\kbc16b05\desktop\新しいフォルダー (2)\gametemplate\game\myengine\graphics\sprite.cpp(58): warning C4244: '=': 'UINT' から 'FLOAT' への変換です。データが失われる可能性があります。
c:\users\kbc16b05\desktop\新しいフォルダー (2)\gametemplate\game\myengine\graphics\sprite.cpp(59): warning C4244: '=': 'UINT' から 'FLOAT' への変換です。データが失われる可能性があります。
  SkinModelData.cpp
c:\users\kbc16b05\desktop\新しいフォルダー (2)\gametemplate\game\myengine\graphics\skinmodeldata.cpp(320): warning C4316: 'D3DXFRAME_DERIVED': ヒープで割り当てられたオブジェクトが 16 にアラインメントされていない可能性があります
  コードを生成中...
  コンパイル中...
  SkinModel.cpp
  ShadowMap.cpp
  EffectManager.cpp
  Camera.cpp
  Animation.cpp
  GameObjectManager.cpp
  GameObject.cpp
  MoveFloor2.cpp
  MoveFloor.cpp
  MapChip.cpp
  Map.cpp
  JumpBlock.cpp
  Coin.cpp
  Block.cpp
  main.cpp
  Fade.cpp
  Killer.cpp
  GameCamera.cpp
  コードを生成中...
  game.vcxproj -> C:\Users\kbc16b05\Desktop\新しいフォルダー (2)\GameTemplate\Debug\game.exe
  game.vcxproj -> C:\Users\kbc16b05\Desktop\新しいフォルダー (2)\GameTemplate\Debug\game.pdb (Full PDB)
