c:\users\kbc16b05\documents\github\game\gametemplate\game\debug\game.pch
c:\users\kbc16b05\documents\github\game\gametemplate\game\debug\vc140.pdb
c:\users\kbc16b05\documents\github\game\gametemplate\game\debug\vc140.idb
c:\users\kbc16b05\documents\github\game\gametemplate\game\debug\stdafx.obj
c:\users\kbc16b05\documents\github\game\gametemplate\game\debug\skinmodeldata.obj
c:\users\kbc16b05\documents\github\game\gametemplate\game\debug\sprite.obj
c:\users\kbc16b05\documents\github\game\gametemplate\game\debug\texture.obj
c:\users\kbc16b05\documents\github\game\gametemplate\game\debug\pad.obj
c:\users\kbc16b05\documents\github\game\gametemplate\game\debug\cameracollisionsolver.obj
c:\users\kbc16b05\documents\github\game\gametemplate\game\debug\capsulecollider.obj
c:\users\kbc16b05\documents\github\game\gametemplate\game\debug\charactercontroller.obj
c:\users\kbc16b05\documents\github\game\gametemplate\game\debug\meshcollider.obj
c:\users\kbc16b05\documents\github\game\gametemplate\game\debug\physics.obj
c:\users\kbc16b05\documents\github\game\gametemplate\game\debug\rigidbody.obj
c:\users\kbc16b05\documents\github\game\gametemplate\game\debug\spherecollider.obj
c:\users\kbc16b05\documents\github\game\gametemplate\game\debug\system.obj
c:\users\kbc16b05\documents\github\game\gametemplate\game\debug\timer.obj
c:\users\kbc16b05\documents\github\game\gametemplate\game\debug\displaycoin.obj
c:\users\kbc16b05\documents\github\game\gametemplate\game\debug\number.obj
c:\users\kbc16b05\documents\github\game\gametemplate\game\debug\player.obj
c:\users\kbc16b05\documents\github\game\gametemplate\game\debug\gamescene.obj
c:\users\kbc16b05\documents\github\game\gametemplate\game\debug\resultscene.obj
c:\users\kbc16b05\documents\github\game\gametemplate\game\debug\scenemanager.obj
c:\users\kbc16b05\documents\github\game\gametemplate\game\debug\titlescene.obj
c:\users\kbc16b05\documents\github\game\gametemplate\game\debug\gamecamera.obj
c:\users\kbc16b05\documents\github\game\gametemplate\game\debug\killer.obj
c:\users\kbc16b05\documents\github\game\gametemplate\game\debug\fade.obj
c:\users\kbc16b05\documents\github\game\gametemplate\game\debug\main.obj
c:\users\kbc16b05\documents\github\game\gametemplate\game\debug\block.obj
c:\users\kbc16b05\documents\github\game\gametemplate\game\debug\coin.obj
c:\users\kbc16b05\documents\github\game\gametemplate\game\debug\jumpblock.obj
c:\users\kbc16b05\documents\github\game\gametemplate\game\debug\map.obj
c:\users\kbc16b05\documents\github\game\gametemplate\game\debug\mapchip.obj
c:\users\kbc16b05\documents\github\game\gametemplate\game\debug\movefloor.obj
c:\users\kbc16b05\documents\github\game\gametemplate\game\debug\movefloor2.obj
c:\users\kbc16b05\documents\github\game\gametemplate\game\debug\gameobject.obj
c:\users\kbc16b05\documents\github\game\gametemplate\game\debug\gameobjectmanager.obj
c:\users\kbc16b05\documents\github\game\gametemplate\game\debug\animation.obj
c:\users\kbc16b05\documents\github\game\gametemplate\game\debug\camera.obj
c:\users\kbc16b05\documents\github\game\gametemplate\game\debug\effectmanager.obj
c:\users\kbc16b05\documents\github\game\gametemplate\game\debug\shadowmap.obj
c:\users\kbc16b05\documents\github\game\gametemplate\game\debug\skinmodel.obj
c:\users\kbc16b05\documents\github\game\gametemplate\game\debug\game.res
c:\users\kbc16b05\documents\github\game\gametemplate\debug\game.pdb
c:\users\kbc16b05\documents\github\game\gametemplate\game\debug\game.tlog\cl.command.1.tlog
c:\users\kbc16b05\documents\github\game\gametemplate\game\debug\game.tlog\cl.read.1.tlog
c:\users\kbc16b05\documents\github\game\gametemplate\game\debug\game.tlog\cl.write.1.tlog
c:\users\kbc16b05\documents\github\game\gametemplate\game\debug\game.tlog\link.command.1.tlog
c:\users\kbc16b05\documents\github\game\gametemplate\game\debug\game.tlog\link.read.1.tlog
c:\users\kbc16b05\documents\github\game\gametemplate\game\debug\game.tlog\link.write.1.tlog
c:\users\kbc16b05\documents\github\game\gametemplate\game\debug\game.tlog\rc.command.1.tlog
c:\users\kbc16b05\documents\github\game\gametemplate\game\debug\game.tlog\rc.read.1.tlog
c:\users\kbc16b05\documents\github\game\gametemplate\game\debug\game.tlog\rc.write.1.tlog
