  stdafx.cpp
c:\users\kbc16b05\desktop\就職用作品\gametemplate\gametemplate\game\stdafx.h(14): fatal error C1083: include ファイルを開けません。'btBulletDynamicsCommon.h':No such file or directory
  TitleScene.cpp
c:\users\kbc16b05\desktop\就職用作品\gametemplate\gametemplate\game\stdafx.h(14): fatal error C1083: include ファイルを開けません。'btBulletDynamicsCommon.h':No such file or directory
  SceneManager.cpp
c:\users\kbc16b05\desktop\就職用作品\gametemplate\gametemplate\game\stdafx.h(14): fatal error C1083: include ファイルを開けません。'btBulletDynamicsCommon.h':No such file or directory
  GameScene.cpp
c:\users\kbc16b05\desktop\就職用作品\gametemplate\gametemplate\game\stdafx.h(14): fatal error C1083: include ファイルを開けません。'btBulletDynamicsCommon.h':No such file or directory
  Player.cpp
c:\users\kbc16b05\desktop\就職用作品\gametemplate\gametemplate\game\stdafx.h(14): fatal error C1083: include ファイルを開けません。'btBulletDynamicsCommon.h':No such file or directory
  Number.cpp
c:\users\kbc16b05\desktop\就職用作品\gametemplate\gametemplate\game\stdafx.h(14): fatal error C1083: include ファイルを開けません。'btBulletDynamicsCommon.h':No such file or directory
  DisplayCoin.cpp
c:\users\kbc16b05\desktop\就職用作品\gametemplate\gametemplate\game\stdafx.h(14): fatal error C1083: include ファイルを開けません。'btBulletDynamicsCommon.h':No such file or directory
  Timer.cpp
c:\users\kbc16b05\desktop\就職用作品\gametemplate\gametemplate\game\stdafx.h(14): fatal error C1083: include ファイルを開けません。'btBulletDynamicsCommon.h':No such file or directory
  System.cpp
c:\users\kbc16b05\desktop\就職用作品\gametemplate\gametemplate\game\stdafx.h(14): fatal error C1083: include ファイルを開けません。'btBulletDynamicsCommon.h':No such file or directory
  RigidBody.cpp
c:\users\kbc16b05\desktop\就職用作品\gametemplate\gametemplate\game\stdafx.h(14): fatal error C1083: include ファイルを開けません。'btBulletDynamicsCommon.h':No such file or directory
  Physics.cpp
c:\users\kbc16b05\desktop\就職用作品\gametemplate\gametemplate\game\stdafx.h(14): fatal error C1083: include ファイルを開けません。'btBulletDynamicsCommon.h':No such file or directory
  MeshCollider.cpp
c:\users\kbc16b05\desktop\就職用作品\gametemplate\gametemplate\game\stdafx.h(14): fatal error C1083: include ファイルを開けません。'btBulletDynamicsCommon.h':No such file or directory
  CharacterController.cpp
c:\users\kbc16b05\desktop\就職用作品\gametemplate\gametemplate\game\stdafx.h(14): fatal error C1083: include ファイルを開けません。'btBulletDynamicsCommon.h':No such file or directory
  CapsuleColliderZ.cpp
c:\users\kbc16b05\desktop\就職用作品\gametemplate\gametemplate\game\stdafx.h(14): fatal error C1083: include ファイルを開けません。'btBulletDynamicsCommon.h':No such file or directory
  CapsuleCollider.cpp
c:\users\kbc16b05\desktop\就職用作品\gametemplate\gametemplate\game\stdafx.h(14): fatal error C1083: include ファイルを開けません。'btBulletDynamicsCommon.h':No such file or directory
  BoxCollider.cpp
c:\users\kbc16b05\desktop\就職用作品\gametemplate\gametemplate\game\stdafx.h(14): fatal error C1083: include ファイルを開けません。'btBulletDynamicsCommon.h':No such file or directory
  Pad.cpp
c:\users\kbc16b05\desktop\就職用作品\gametemplate\gametemplate\game\stdafx.h(14): fatal error C1083: include ファイルを開けません。'btBulletDynamicsCommon.h':No such file or directory
  Texture.cpp
c:\users\kbc16b05\desktop\就職用作品\gametemplate\gametemplate\game\stdafx.h(14): fatal error C1083: include ファイルを開けません。'btBulletDynamicsCommon.h':No such file or directory
  Sprite.cpp
c:\users\kbc16b05\desktop\就職用作品\gametemplate\gametemplate\game\stdafx.h(14): fatal error C1083: include ファイルを開けません。'btBulletDynamicsCommon.h':No such file or directory
  SkinModelData.cpp
c:\users\kbc16b05\desktop\就職用作品\gametemplate\gametemplate\game\stdafx.h(14): fatal error C1083: include ファイルを開けません。'btBulletDynamicsCommon.h':No such file or directory
  コードを生成中...
  コンパイル中...
  SkinModel.cpp
c:\users\kbc16b05\desktop\就職用作品\gametemplate\gametemplate\game\stdafx.h(14): fatal error C1083: include ファイルを開けません。'btBulletDynamicsCommon.h':No such file or directory
  EffectManager.cpp
c:\users\kbc16b05\desktop\就職用作品\gametemplate\gametemplate\game\stdafx.h(14): fatal error C1083: include ファイルを開けません。'btBulletDynamicsCommon.h':No such file or directory
  Camera.cpp
c:\users\kbc16b05\desktop\就職用作品\gametemplate\gametemplate\game\stdafx.h(14): fatal error C1083: include ファイルを開けません。'btBulletDynamicsCommon.h':No such file or directory
  Animation.cpp
c:\users\kbc16b05\desktop\就職用作品\gametemplate\gametemplate\game\stdafx.h(14): fatal error C1083: include ファイルを開けません。'btBulletDynamicsCommon.h':No such file or directory
  GameObjectManager.cpp
c:\users\kbc16b05\desktop\就職用作品\gametemplate\gametemplate\game\stdafx.h(14): fatal error C1083: include ファイルを開けません。'btBulletDynamicsCommon.h':No such file or directory
  GameObject.cpp
c:\users\kbc16b05\desktop\就職用作品\gametemplate\gametemplate\game\stdafx.h(14): fatal error C1083: include ファイルを開けません。'btBulletDynamicsCommon.h':No such file or directory
  MoveFloor2.cpp
c:\users\kbc16b05\desktop\就職用作品\gametemplate\gametemplate\game\stdafx.h(14): fatal error C1083: include ファイルを開けません。'btBulletDynamicsCommon.h':No such file or directory
  MoveFloor.cpp
c:\users\kbc16b05\desktop\就職用作品\gametemplate\gametemplate\game\stdafx.h(14): fatal error C1083: include ファイルを開けません。'btBulletDynamicsCommon.h':No such file or directory
  MapChip.cpp
c:\users\kbc16b05\desktop\就職用作品\gametemplate\gametemplate\game\stdafx.h(14): fatal error C1083: include ファイルを開けません。'btBulletDynamicsCommon.h':No such file or directory
  Map.cpp
c:\users\kbc16b05\desktop\就職用作品\gametemplate\gametemplate\game\stdafx.h(14): fatal error C1083: include ファイルを開けません。'btBulletDynamicsCommon.h':No such file or directory
  Coin.cpp
c:\users\kbc16b05\desktop\就職用作品\gametemplate\gametemplate\game\stdafx.h(14): fatal error C1083: include ファイルを開けません。'btBulletDynamicsCommon.h':No such file or directory
  main.cpp
c:\users\kbc16b05\desktop\就職用作品\gametemplate\gametemplate\game\stdafx.h(14): fatal error C1083: include ファイルを開けません。'btBulletDynamicsCommon.h':No such file or directory
  Fade.cpp
c:\users\kbc16b05\desktop\就職用作品\gametemplate\gametemplate\game\stdafx.h(14): fatal error C1083: include ファイルを開けません。'btBulletDynamicsCommon.h':No such file or directory
  Killer.cpp
c:\users\kbc16b05\desktop\就職用作品\gametemplate\gametemplate\game\stdafx.h(14): fatal error C1083: include ファイルを開けません。'btBulletDynamicsCommon.h':No such file or directory
  GameCamera.cpp
c:\users\kbc16b05\desktop\就職用作品\gametemplate\gametemplate\game\stdafx.h(14): fatal error C1083: include ファイルを開けません。'btBulletDynamicsCommon.h':No such file or directory
  コードを生成中...
