  btActivatingCollisionAlgorithm.cpp
  btBox2dBox2dCollisionAlgorithm.cpp
  btBoxBoxCollisionAlgorithm.cpp
  btCollisionDispatcher.cpp
  btCollisionObject.cpp
  btCollisionWorld.cpp
  btCollisionWorldImporter.cpp
  btCompoundCollisionAlgorithm.cpp
  btCompoundCompoundCollisionAlgorithm.cpp
  btConvex2dConvex2dAlgorithm.cpp
  btConvexConcaveCollisionAlgorithm.cpp
  btConvexConvexAlgorithm.cpp
  btConvexPlaneCollisionAlgorithm.cpp
  btDefaultCollisionConfiguration.cpp
  btEmptyCollisionAlgorithm.cpp
  btGhostObject.cpp
  btInternalEdgeUtility.cpp
  btManifoldResult.cpp
  btSimulationIslandManager.cpp
  btSphereBoxCollisionAlgorithm.cpp
  コードを生成中...
  コンパイル中...
  btSphereSphereCollisionAlgorithm.cpp
  btSphereTriangleCollisionAlgorithm.cpp
  btGImpactCollisionAlgorithm.cpp
  btGImpactShape.cpp
  コードを生成中...
btBroadphaseProxy.obj : warning LNK4221: このオブジェクト ファイルは、以前に未定義であったパブリック シンボルを定義していないため、このライブラリを使用するリンク操作では使用されません
  BulletCollision.vcxproj -> C:\Users\kbc16b05\Desktop\就職用作品\GameTemplate\GameTemplate\\bulletPhysics\lib\Debug\BulletCollision_Debug.lib
